<?xml version="1.0" encoding="UTF-8"?>
<!-- Generated by org.testng.reporters.JUnitReportReporter -->
<testsuite skipped="0" hostname="lap0002514" name="com.students.tests.StudentPostTest" tests="1" failures="0" timestamp="04 Feb 2020 19:09:23 GMT" time="2.193" errors="0">
  <testcase name="createNewStudent" time="2.193" classname="com.students.tests.StudentPostTest"/>
</testsuite> <!-- com.students.tests.StudentPostTest -->
