<?xml version="1.0" encoding="UTF-8"?>
<!-- Generated by org.testng.reporters.JUnitReportReporter -->
<testsuite skipped="0" hostname="lap0002514" name="com.students.tests.MyTestClass2" tests="4" failures="0" timestamp="04 Mar 2020 13:36:18 GMT" time="0.014" errors="0">
  <testcase name="myTestMethod3" time="0.010" classname="com.students.tests.MyTestClass2"/>
  <testcase name="myTestMethod3" time="0.001" classname="com.students.tests.MyTestClass2"/>
  <testcase name="myTestMethod4" time="0.001" classname="com.students.tests.MyTestClass2"/>
  <testcase name="myTestMethod4" time="0.002" classname="com.students.tests.MyTestClass2"/>
</testsuite> <!-- com.students.tests.MyTestClass2 -->
