<?xml version="1.0" encoding="UTF-8"?>
<!-- Generated by org.testng.reporters.JUnitReportReporter -->
<testsuite skipped="0" hostname="lap0002514" name="com.students.tests.MyTestClass1" tests="2" failures="0" timestamp="04 Mar 2020 13:36:18 GMT" time="0.005" errors="0">
  <testcase name="myTestMethod1" time="0.002" classname="com.students.tests.MyTestClass1"/>
  <testcase name="myTestMethod2" time="0.003" classname="com.students.tests.MyTestClass1"/>
</testsuite> <!-- com.students.tests.MyTestClass1 -->
