<?xml version="1.0" encoding="UTF-8"?>
<!-- Generated by org.testng.reporters.JUnitReportReporter -->
<testsuite skipped="0" hostname="lap0002514" name="com.restassured.examples.jsoup.JsoupExample1" tests="1" failures="0" timestamp="21 Feb 2020 04:58:54 GMT" time="0.205" errors="0">
  <testcase name="extractTitle" time="0.205" classname="com.restassured.examples.jsoup.JsoupExample1"/>
</testsuite> <!-- com.restassured.examples.jsoup.JsoupExample1 -->
